/usr/local/rvm/gems/default/gems/jekyll-twitter-plugin-2.1.0/lib/jekyll-twitter-plugin.rb:6: warning: ostruct was loaded from the standard library, but will no longer be part of the default gems starting from Ruby 3.5.0.
You can add ostruct to your Gemfile or gemspec to silence this warning.
Configuration file: /workspaces/tiagodsilva.github.io/_config.yml
            Source: /workspaces/tiagodsilva.github.io
       Destination: /workspaces/tiagodsilva.github.io/_site
 Incremental build: disabled. Enable with --incremental
      Generating... 
       Jekyll Feed: Generating feed for posts
       Imagemagick: Searching files in /workspaces/tiagodsilva.github.io/assets/img/
       Imagemagick: Adding static file /workspaces/tiagodsilva.github.io/_site/assets/img/1-480.webp
       Imagemagick: Adding static file /workspaces/tiagodsilva.github.io/_site/assets/img/1-800.webp
       Imagemagick: Adding static file /workspaces/tiagodsilva.github.io/_site/assets/img/1-1400.webp
       Imagemagick: Adding static file /workspaces/tiagodsilva.github.io/_site/assets/img/10-480.webp
       Imagemagick: Adding static file /workspaces/tiagodsilva.github.io/_site/assets/img/10-800.webp
       Imagemagick: Adding static file /workspaces/tiagodsilva.github.io/_site/assets/img/10-1400.webp
       Imagemagick: Adding static file /workspaces/tiagodsilva.github.io/_site/assets/img/11-480.webp
       Imagemagick: Adding static file /workspaces/tiagodsilva.github.io/_site/assets/img/11-800.webp
       Imagemagick: Adding static file /workspaces/tiagodsilva.github.io/_site/assets/img/11-1400.webp
       Imagemagick: Adding static file /workspaces/tiagodsilva.github.io/_site/assets/img/12-480.webp
       Imagemagick: Adding static file /workspaces/tiagodsilva.github.io/_site/assets/img/12-800.webp
       Imagemagick: Adding static file /workspaces/tiagodsilva.github.io/_site/assets/img/12-1400.webp
       Imagemagick: Adding static file /workspaces/tiagodsilva.github.io/_site/assets/img/2-480.webp
       Imagemagick: Adding static file /workspaces/tiagodsilva.github.io/_site/assets/img/2-800.webp
       Imagemagick: Adding static file /workspaces/tiagodsilva.github.io/_site/assets/img/2-1400.webp
       Imagemagick: Adding static file /workspaces/tiagodsilva.github.io/_site/assets/img/3-480.webp
       Imagemagick: Adding static file /workspaces/tiagodsilva.github.io/_site/assets/img/3-800.webp
       Imagemagick: Adding static file /workspaces/tiagodsilva.github.io/_site/assets/img/3-1400.webp
       Imagemagick: Adding static file /workspaces/tiagodsilva.github.io/_site/assets/img/4-480.webp
       Imagemagick: Adding static file /workspaces/tiagodsilva.github.io/_site/assets/img/4-800.webp
       Imagemagick: Adding static file /workspaces/tiagodsilva.github.io/_site/assets/img/4-1400.webp
       Imagemagick: Adding static file /workspaces/tiagodsilva.github.io/_site/assets/img/5-480.webp
       Imagemagick: Adding static file /workspaces/tiagodsilva.github.io/_site/assets/img/5-800.webp
       Imagemagick: Adding static file /workspaces/tiagodsilva.github.io/_site/assets/img/5-1400.webp
       Imagemagick: Adding static file /workspaces/tiagodsilva.github.io/_site/assets/img/6-480.webp
       Imagemagick: Adding static file /workspaces/tiagodsilva.github.io/_site/assets/img/6-800.webp
       Imagemagick: Adding static file /workspaces/tiagodsilva.github.io/_site/assets/img/6-1400.webp
       Imagemagick: Adding static file /workspaces/tiagodsilva.github.io/_site/assets/img/7-480.webp
       Imagemagick: Adding static file /workspaces/tiagodsilva.github.io/_site/assets/img/7-800.webp
       Imagemagick: Adding static file /workspaces/tiagodsilva.github.io/_site/assets/img/7-1400.webp
       Imagemagick: Adding static file /workspaces/tiagodsilva.github.io/_site/assets/img/8-480.webp
       Imagemagick: Adding static file /workspaces/tiagodsilva.github.io/_site/assets/img/8-800.webp
       Imagemagick: Adding static file /workspaces/tiagodsilva.github.io/_site/assets/img/8-1400.webp
       Imagemagick: Adding static file /workspaces/tiagodsilva.github.io/_site/assets/img/9-480.webp
       Imagemagick: Adding static file /workspaces/tiagodsilva.github.io/_site/assets/img/9-800.webp
       Imagemagick: Adding static file /workspaces/tiagodsilva.github.io/_site/assets/img/9-1400.webp
       Imagemagick: Adding static file /workspaces/tiagodsilva.github.io/_site/assets/img/_diego-480.webp
       Imagemagick: Adding static file /workspaces/tiagodsilva.github.io/_site/assets/img/_diego-800.webp
       Imagemagick: Adding static file /workspaces/tiagodsilva.github.io/_site/assets/img/_diego-1400.webp
       Imagemagick: Adding static file /workspaces/tiagodsilva.github.io/_site/assets/img/diego-480.webp
       Imagemagick: Adding static file /workspaces/tiagodsilva.github.io/_site/assets/img/diego-800.webp
       Imagemagick: Adding static file /workspaces/tiagodsilva.github.io/_site/assets/img/diego-1400.webp
       Imagemagick: Adding static file /workspaces/tiagodsilva.github.io/_site/assets/img/otsolahdenniemi-480.webp
       Imagemagick: Adding static file /workspaces/tiagodsilva.github.io/_site/assets/img/otsolahdenniemi-800.webp
       Imagemagick: Adding static file /workspaces/tiagodsilva.github.io/_site/assets/img/otsolahdenniemi-1400.webp
       Imagemagick: Adding static file /workspaces/tiagodsilva.github.io/_site/assets/img/prof_pic-480.webp
       Imagemagick: Adding static file /workspaces/tiagodsilva.github.io/_site/assets/img/prof_pic-800.webp
       Imagemagick: Adding static file /workspaces/tiagodsilva.github.io/_site/assets/img/prof_pic-1400.webp
       Imagemagick: Adding static file /workspaces/tiagodsilva.github.io/_site/assets/img/prof_pic_color-480.webp
       Imagemagick: Adding static file /workspaces/tiagodsilva.github.io/_site/assets/img/prof_pic_color-800.webp
       Imagemagick: Adding static file /workspaces/tiagodsilva.github.io/_site/assets/img/prof_pic_color-1400.webp
       Imagemagick: Adding static file /workspaces/tiagodsilva.github.io/_site/assets/img/profile-480.webp
       Imagemagick: Adding static file /workspaces/tiagodsilva.github.io/_site/assets/img/profile-800.webp
       Imagemagick: Adding static file /workspaces/tiagodsilva.github.io/_site/assets/img/profile-1400.webp
       Imagemagick: Adding static file /workspaces/tiagodsilva.github.io/_site/assets/img/publication_preview/brownian-motion-480.webp
       Imagemagick: Adding static file /workspaces/tiagodsilva.github.io/_site/assets/img/publication_preview/brownian-motion-800.webp
       Imagemagick: Adding static file /workspaces/tiagodsilva.github.io/_site/assets/img/publication_preview/brownian-motion-1400.webp
       Imagemagick: Adding static file /workspaces/tiagodsilva.github.io/_site/assets/img/publication_preview/wave-mechanics-480.webp
       Imagemagick: Adding static file /workspaces/tiagodsilva.github.io/_site/assets/img/publication_preview/wave-mechanics-800.webp
       Imagemagick: Adding static file /workspaces/tiagodsilva.github.io/_site/assets/img/publication_preview/wave-mechanics-1400.webp
       Imagemagick: Adding static file /workspaces/tiagodsilva.github.io/_site/assets/img/template_error-480.webp
       Imagemagick: Adding static file /workspaces/tiagodsilva.github.io/_site/assets/img/template_error-800.webp
       Imagemagick: Adding static file /workspaces/tiagodsilva.github.io/_site/assets/img/template_error-1400.webp
       Imagemagick: Generated 0 file(s)
         AutoPages: Disabled/Not configured in site.config.
[33m        Pagination: Is enabled, but I couldn't find any pagination page. Skipping pagination. Pages must have 'pagination: enabled: true' in their front-matter for pagination to work.[0m
        Pagination: Complete, processed pagination page(s)
DEPRECATION WARNING [import]: Sass @import rules are deprecated and will be removed in Dart Sass 3.0.0.

More info and automated migrator: https://sass-lang.com/d/import

   ╷
10 │   "variables",
   │   ^^^^^^^^^^^
   ╵
    /workspaces/tiagodsilva.github.io/assets/css/main.scss 10:3  root stylesheet
DEPRECATION WARNING [import]: Sass @import rules are deprecated and will be removed in Dart Sass 3.0.0.

More info and automated migrator: https://sass-lang.com/d/import

   ╷
11 │   "themes",
   │   ^^^^^^^^
   ╵
    /workspaces/tiagodsilva.github.io/assets/css/main.scss 11:3  root stylesheet
DEPRECATION WARNING [import]: Sass @import rules are deprecated and will be removed in Dart Sass 3.0.0.

More info and automated migrator: https://sass-lang.com/d/import

   ╷
12 │   "layout",
   │   ^^^^^^^^
   ╵
    /workspaces/tiagodsilva.github.io/assets/css/main.scss 12:3  root stylesheet
DEPRECATION WARNING [import]: Sass @import rules are deprecated and will be removed in Dart Sass 3.0.0.

More info and automated migrator: https://sass-lang.com/d/import

   ╷
13 │   "base",
   │   ^^^^^^
   ╵
    /workspaces/tiagodsilva.github.io/assets/css/main.scss 13:3  root stylesheet
DEPRECATION WARNING [import]: Sass @import rules are deprecated and will be removed in Dart Sass 3.0.0.

More info and automated migrator: https://sass-lang.com/d/import

   ╷
14 │   "distill",
   │   ^^^^^^^^^
   ╵
    /workspaces/tiagodsilva.github.io/assets/css/main.scss 14:3  root stylesheet
DEPRECATION WARNING [global-builtin]: Global built-in functions are deprecated and will be removed in Dart Sass 3.0.0.
Use string.unquote instead.

More info and automated migrator: https://sass-lang.com/d/import

  ╷
8 │   .#{$fa-css-prefix}-#{$name}::before { content: unquote("\"#{ $icon }\""); }
  │                                                  ^^^^^^^^^^^^^^^^^^^^^^^^^
  ╵
    /workspaces/tiagodsilva.github.io/_sass/font-awesome/_icons.scss 8:50  @import
    font-awesome/fontawesome.scss 20:9                                     @import
    /workspaces/tiagodsilva.github.io/assets/css/main.scss 18:3            root stylesheet
DEPRECATION WARNING [global-builtin]: Global built-in functions are deprecated and will be removed in Dart Sass 3.0.0.
Use string.unquote instead.

More info and automated migrator: https://sass-lang.com/d/import

   ╷
29 │   .#{$fa-css-prefix}-#{$name}:before { content: unquote("\"#{ $icon }\""); }
   │                                                 ^^^^^^^^^^^^^^^^^^^^^^^^^
   ╵
    font-awesome/brands.scss 29:49                               @import
    /workspaces/tiagodsilva.github.io/assets/css/main.scss 19:3  root stylesheet
DEPRECATION WARNING [global-builtin]: Global built-in functions are deprecated and will be removed in Dart Sass 3.0.0.
Use string.unquote instead.

More info and automated migrator: https://sass-lang.com/d/import

   ╷
37 │   @return unquote('"') + unquote(str-insert($str, "\\", 1)) + unquote('"');
   │           ^^^^^^^^^^^^
   ╵
    tabler-icons/tabler-icons.scss 37:11                         unicode()
    tabler-icons/tabler-icons.scss 40:15                         @import
    /workspaces/tiagodsilva.github.io/assets/css/main.scss 22:3  root stylesheet
DEPRECATION WARNING [global-builtin]: Global built-in functions are deprecated and will be removed in Dart Sass 3.0.0.
Use string.insert instead.

More info and automated migrator: https://sass-lang.com/d/import

   ╷
37 │   @return unquote('"') + unquote(str-insert($str, "\\", 1)) + unquote('"');
   │                                  ^^^^^^^^^^^^^^^^^^^^^^^^^
   ╵
    tabler-icons/tabler-icons.scss 37:34                         unicode()
    tabler-icons/tabler-icons.scss 40:15                         @import
    /workspaces/tiagodsilva.github.io/assets/css/main.scss 22:3  root stylesheet
DEPRECATION WARNING [global-builtin]: Global built-in functions are deprecated and will be removed in Dart Sass 3.0.0.
Use string.unquote instead.

More info and automated migrator: https://sass-lang.com/d/import

   ╷
37 │   @return unquote('"') + unquote(str-insert($str, "\\", 1)) + unquote('"');
   │                          ^^^^^^^^^^^^^^^^^^^^^^^^^^^^^^^^^^
   ╵
    tabler-icons/tabler-icons.scss 37:26                         unicode()
    tabler-icons/tabler-icons.scss 40:15                         @import
    /workspaces/tiagodsilva.github.io/assets/css/main.scss 22:3  root stylesheet
WARNING: 38 repetitive deprecation warnings omitted.
Run in verbose mode to see all warnings.
[NbConvertApp] Converting notebook /tmp/jekyll-jupyter-notebook20251201-15540-ovhk4n.ipynb to html
/usr/lib/python3/dist-packages/nbconvert/filters/highlight.py:170: UserWarning: IPython3 lexer unavailable, falling back on Python 3
  warn("IPython3 lexer unavailable, falling back on Python 3")
   Jekyll Minifier: Filtering out legacy 'harmony' option from uglifier_args
   Jekyll Minifier: Filtering out legacy 'harmony' option from uglifier_args
   Jekyll Minifier: Filtering out legacy 'harmony' option from uglifier_args
   Jekyll Minifier: Filtering out legacy 'harmony' option from uglifier_args
   Jekyll Minifier: Filtering out legacy 'harmony' option from uglifier_args
   Jekyll Minifier: Filtering out legacy 'harmony' option from uglifier_args
   Jekyll Minifier: Filtering out legacy 'harmony' option from uglifier_args
   Jekyll Minifier: Filtering out legacy 'harmony' option from uglifier_args
   Jekyll Minifier: Filtering out legacy 'harmony' option from uglifier_args
   Jekyll Minifier: Filtering out legacy 'harmony' option from uglifier_args
   Jekyll Minifier: Filtering out legacy 'harmony' option from uglifier_args
   Jekyll Minifier: Filtering out legacy 'harmony' option from uglifier_args
   Jekyll Minifier: Filtering out legacy 'harmony' option from uglifier_args
   Jekyll Minifier: Filtering out legacy 'harmony' option from uglifier_args
   Jekyll Minifier: Filtering out legacy 'harmony' option from uglifier_args
   Jekyll Minifier: Filtering out legacy 'harmony' option from uglifier_args
   Jekyll Minifier: Filtering out legacy 'harmony' option from uglifier_args
   Jekyll Minifier: Filtering out legacy 'harmony' option from uglifier_args
   Jekyll Minifier: Filtering out legacy 'harmony' option from uglifier_args
   Jekyll Minifier: Filtering out legacy 'harmony' option from uglifier_args
   Jekyll Minifier: Filtering out legacy 'harmony' option from uglifier_args
   Jekyll Minifier: Filtering out legacy 'harmony' option from uglifier_args
   Jekyll Minifier: Filtering out legacy 'harmony' option from uglifier_args
   Jekyll Minifier: Filtering out legacy 'harmony' option from uglifier_args
   Jekyll Minifier: Filtering out legacy 'harmony' option from uglifier_args
   Jekyll Minifier: Filtering out legacy 'harmony' option from uglifier_args
   Jekyll Minifier: Filtering out legacy 'harmony' option from uglifier_args
   Jekyll Minifier: Filtering out legacy 'harmony' option from uglifier_args
   Jekyll Minifier: Filtering out legacy 'harmony' option from uglifier_args
   Jekyll Minifier: Filtering out legacy 'harmony' option from uglifier_args
   Jekyll Minifier: Filtering out legacy 'harmony' option from uglifier_args
   Jekyll Minifier: Filtering out legacy 'harmony' option from uglifier_args
   Jekyll Minifier: Filtering out legacy 'harmony' option from uglifier_args
   Jekyll Minifier: Filtering out legacy 'harmony' option from uglifier_args
   Jekyll Minifier: Filtering out legacy 'harmony' option from uglifier_args
   Jekyll Minifier: Filtering out legacy 'harmony' option from uglifier_args
   Jekyll Minifier: Filtering out legacy 'harmony' option from uglifier_args
   Jekyll Minifier: Filtering out legacy 'harmony' option from uglifier_args
   Jekyll Minifier: Filtering out legacy 'harmony' option from uglifier_args
   Jekyll Minifier: Filtering out legacy 'harmony' option from uglifier_args
   Jekyll Minifier: Filtering out legacy 'harmony' option from uglifier_args
   Jekyll Minifier: Filtering out legacy 'harmony' option from uglifier_args
   Jekyll Minifier: Filtering out legacy 'harmony' option from uglifier_args
   Jekyll Minifier: Filtering out legacy 'harmony' option from uglifier_args
   Jekyll Minifier: Filtering out legacy 'harmony' option from uglifier_args
   Jekyll Minifier: Filtering out legacy 'harmony' option from uglifier_args
   Jekyll Minifier: Filtering out legacy 'harmony' option from uglifier_args
   Jekyll Minifier: Filtering out legacy 'harmony' option from uglifier_args
   Jekyll Minifier: Filtering out legacy 'harmony' option from uglifier_args
   Jekyll Minifier: Filtering out legacy 'harmony' option from uglifier_args
   Jekyll Minifier: Filtering out legacy 'harmony' option from uglifier_args
   Jekyll Minifier: Filtering out legacy 'harmony' option from uglifier_args
   Jekyll Minifier: Filtering out legacy 'harmony' option from uglifier_args
   Jekyll Minifier: Filtering out legacy 'harmony' option from uglifier_args
   Jekyll Minifier: Filtering out legacy 'harmony' option from uglifier_args
   Jekyll Minifier: Filtering out legacy 'harmony' option from uglifier_args
   Jekyll Minifier: Filtering out legacy 'harmony' option from uglifier_args
   Jekyll Minifier: Filtering out legacy 'harmony' option from uglifier_args
   Jekyll Minifier: Filtering out legacy 'harmony' option from uglifier_args
   Jekyll Minifier: Filtering out legacy 'harmony' option from uglifier_args
   Jekyll Minifier: Filtering out legacy 'harmony' option from uglifier_args
   Jekyll Minifier: Filtering out legacy 'harmony' option from uglifier_args
   Jekyll Minifier: Filtering out legacy 'harmony' option from uglifier_args
   Jekyll Minifier: Filtering out legacy 'harmony' option from uglifier_args
   Jekyll Minifier: Filtering out legacy 'harmony' option from uglifier_args
   Jekyll Minifier: Filtering out legacy 'harmony' option from uglifier_args
   Jekyll Minifier: Filtering out legacy 'harmony' option from uglifier_args
   Jekyll Minifier: Filtering out legacy 'harmony' option from uglifier_args
   Jekyll Minifier: Filtering out legacy 'harmony' option from uglifier_args
   Jekyll Minifier: Filtering out legacy 'harmony' option from uglifier_args
   Jekyll Minifier: Filtering out legacy 'harmony' option from uglifier_args
   Jekyll Minifier: Filtering out legacy 'harmony' option from uglifier_args
   Jekyll Minifier: Filtering out legacy 'harmony' option from uglifier_args
   Jekyll Minifier: Filtering out legacy 'harmony' option from uglifier_args
   Jekyll Minifier: Filtering out legacy 'harmony' option from uglifier_args
   Jekyll Minifier: Filtering out legacy 'harmony' option from uglifier_args
   Jekyll Minifier: Filtering out legacy 'harmony' option from uglifier_args
   Jekyll Minifier: Filtering out legacy 'harmony' option from uglifier_args
   Jekyll Minifier: Filtering out legacy 'harmony' option from uglifier_args
   Jekyll Minifier: Filtering out legacy 'harmony' option from uglifier_args
   Jekyll Minifier: Filtering out legacy 'harmony' option from uglifier_args
   Jekyll Minifier: Filtering out legacy 'harmony' option from uglifier_args
   Jekyll Minifier: Filtering out legacy 'harmony' option from uglifier_args
   Jekyll Minifier: Filtering out legacy 'harmony' option from uglifier_args
   Jekyll Minifier: Filtering out legacy 'harmony' option from uglifier_args
   Jekyll Minifier: Filtering out legacy 'harmony' option from uglifier_args
   Jekyll Minifier: Filtering out legacy 'harmony' option from uglifier_args
   Jekyll Minifier: Filtering out legacy 'harmony' option from uglifier_args
   Jekyll Minifier: Filtering out legacy 'harmony' option from uglifier_args
   Jekyll Minifier: Filtering out legacy 'harmony' option from uglifier_args
   Jekyll Minifier: Filtering out legacy 'harmony' option from uglifier_args
   Jekyll Minifier: Filtering out legacy 'harmony' option from uglifier_args
   Jekyll Minifier: Filtering out legacy 'harmony' option from uglifier_args
   Jekyll Minifier: Filtering out legacy 'harmony' option from uglifier_args
   Jekyll Minifier: Filtering out legacy 'harmony' option from uglifier_args
   Jekyll Minifier: Filtering out legacy 'harmony' option from uglifier_args
   Jekyll Minifier: Filtering out legacy 'harmony' option from uglifier_args
   Jekyll Minifier: Filtering out legacy 'harmony' option from uglifier_args
   Jekyll Minifier: Filtering out legacy 'harmony' option from uglifier_args
   Jekyll Minifier: Filtering out legacy 'harmony' option from uglifier_args
   Jekyll Minifier: Filtering out legacy 'harmony' option from uglifier_args
   Jekyll Minifier: Filtering out legacy 'harmony' option from uglifier_args
   Jekyll Minifier: Filtering out legacy 'harmony' option from uglifier_args
   Jekyll Minifier: Filtering out legacy 'harmony' option from uglifier_args
   Jekyll Minifier: Filtering out legacy 'harmony' option from uglifier_args
   Jekyll Minifier: Filtering out legacy 'harmony' option from uglifier_args
   Jekyll Minifier: Filtering out legacy 'harmony' option from uglifier_args
   Jekyll Minifier: Filtering out legacy 'harmony' option from uglifier_args
   Jekyll Minifier: Filtering out legacy 'harmony' option from uglifier_args
   Jekyll Minifier: Filtering out legacy 'harmony' option from uglifier_args
   Jekyll Minifier: Filtering out legacy 'harmony' option from uglifier_args
   Jekyll Minifier: Filtering out legacy 'harmony' option from uglifier_args
   Jekyll Minifier: Filtering out legacy 'harmony' option from uglifier_args
   Jekyll Minifier: Filtering out legacy 'harmony' option from uglifier_args
   Jekyll Minifier: Filtering out legacy 'harmony' option from uglifier_args
   Jekyll Minifier: Filtering out legacy 'harmony' option from uglifier_args
   Jekyll Minifier: Filtering out legacy 'harmony' option from uglifier_args
   Jekyll Minifier: Filtering out legacy 'harmony' option from uglifier_args
   Jekyll Minifier: Filtering out legacy 'harmony' option from uglifier_args
   Jekyll Minifier: Filtering out legacy 'harmony' option from uglifier_args
   Jekyll Minifier: Filtering out legacy 'harmony' option from uglifier_args
   Jekyll Minifier: Filtering out legacy 'harmony' option from uglifier_args
   Jekyll Minifier: Filtering out legacy 'harmony' option from uglifier_args
   Jekyll Minifier: Filtering out legacy 'harmony' option from uglifier_args
   Jekyll Minifier: Filtering out legacy 'harmony' option from uglifier_args
   Jekyll Minifier: Filtering out legacy 'harmony' option from uglifier_args
   Jekyll Minifier: Filtering out legacy 'harmony' option from uglifier_args
   Jekyll Minifier: Filtering out legacy 'harmony' option from uglifier_args
   Jekyll Minifier: Filtering out legacy 'harmony' option from uglifier_args
   Jekyll Minifier: Filtering out legacy 'harmony' option from uglifier_args
   Jekyll Minifier: Filtering out legacy 'harmony' option from uglifier_args
   Jekyll Minifier: Filtering out legacy 'harmony' option from uglifier_args
   Jekyll Minifier: Filtering out legacy 'harmony' option from uglifier_args
   Jekyll Minifier: Filtering out legacy 'harmony' option from uglifier_args
   Jekyll Minifier: Filtering out legacy 'harmony' option from uglifier_args
   Jekyll Minifier: Filtering out legacy 'harmony' option from uglifier_args
   Jekyll Minifier: Filtering out legacy 'harmony' option from uglifier_args
   Jekyll Minifier: Filtering out legacy 'harmony' option from uglifier_args
   Jekyll Minifier: Filtering out legacy 'harmony' option from uglifier_args
   Jekyll Minifier: Filtering out legacy 'harmony' option from uglifier_args
   Jekyll Minifier: Filtering out legacy 'harmony' option from uglifier_args
   Jekyll Minifier: Filtering out legacy 'harmony' option from uglifier_args
   Jekyll Minifier: Filtering out legacy 'harmony' option from uglifier_args
   Jekyll Minifier: Filtering out legacy 'harmony' option from uglifier_args
   Jekyll Minifier: Filtering out legacy 'harmony' option from uglifier_args
   Jekyll Minifier: Filtering out legacy 'harmony' option from uglifier_args
   Jekyll Minifier: Filtering out legacy 'harmony' option from uglifier_args
   Jekyll Minifier: Filtering out legacy 'harmony' option from uglifier_args
   Jekyll Minifier: Filtering out legacy 'harmony' option from uglifier_args
   Jekyll Minifier: Filtering out legacy 'harmony' option from uglifier_args
   Jekyll Minifier: Filtering out legacy 'harmony' option from uglifier_args
   Jekyll Minifier: Filtering out legacy 'harmony' option from uglifier_args
   Jekyll Minifier: Filtering out legacy 'harmony' option from uglifier_args
   Jekyll Minifier: Filtering out legacy 'harmony' option from uglifier_args
   Jekyll Minifier: Filtering out legacy 'harmony' option from uglifier_args
   Jekyll Minifier: Filtering out legacy 'harmony' option from uglifier_args
   Jekyll Minifier: Filtering out legacy 'harmony' option from uglifier_args
   Jekyll Minifier: Filtering out legacy 'harmony' option from uglifier_args
   Jekyll Minifier: Filtering out legacy 'harmony' option from uglifier_args
   Jekyll Minifier: Filtering out legacy 'harmony' option from uglifier_args
   Jekyll Minifier: Filtering out legacy 'harmony' option from uglifier_args
   Jekyll Minifier: Filtering out legacy 'harmony' option from uglifier_args
   Jekyll Minifier: Filtering out legacy 'harmony' option from uglifier_args
   Jekyll Minifier: Filtering out legacy 'harmony' option from uglifier_args
   Jekyll Minifier: Filtering out legacy 'harmony' option from uglifier_args
   Jekyll Minifier: Filtering out legacy 'harmony' option from uglifier_args
   Jekyll Minifier: Filtering out legacy 'harmony' option from uglifier_args
   Jekyll Minifier: Filtering out legacy 'harmony' option from uglifier_args
   Jekyll Minifier: Filtering out legacy 'harmony' option from uglifier_args
                    done in 1.243 seconds.
 Auto-regeneration: disabled. Use --watch to enable.
